<?xml version="1.0" encoding="utf-8"?>
<coverage line-rate="0.5771999999999999" branch-rate="0.9122" version="1.9" timestamp="1772625312" lines-covered="639" lines-valid="1107" branches-covered="239" branches-valid="262">
  <sources>
    <source>/home/mises/Projects/games/damas/api/</source>
  </sources>
  <packages>
    <package name="api" line-rate="0.5771999999999999" branch-rate="0.9122" complexity="381">
      <classes>
        <class name="Program" filename="Program.cs" line-rate="0.8" branch-rate="0.5" complexity="2">
          <methods>
            <method name="&lt;Main&gt;$" signature="(System.String[])" line-rate="0.8" branch-rate="0.5" complexity="2">
              <lines>
                <line number="4" hits="4" branch="False" />
                <line number="6" hits="4" branch="False" />
                <line number="7" hits="4" branch="False" />
                <line number="8" hits="4" branch="False" />
                <line number="10" hits="4" branch="False" />
                <line number="11" hits="4" branch="False" />
                <line number="13" hits="4" branch="False" />
                <line number="14" hits="4" branch="False" />
                <line number="16" hits="4" branch="False" />
                <line number="18" hits="4" branch="True" condition-coverage="50% (1/2)">
                  <conditions>
                    <condition number="102" type="jump" coverage="50%" />
                  </conditions>
                </line>
                <line number="19" hits="0" branch="False" />
                <line number="20" hits="0" branch="False" />
                <line number="21" hits="0" branch="False" />
                <line number="22" hits="0" branch="False" />
                <line number="24" hits="4" branch="False" />
                <line number="25" hits="4" branch="False" />
                <line number="27" hits="4" branch="False" />
                <line number="28" hits="4" branch="False" />
                <line number="30" hits="4" branch="False" />
                <line number="32" hits="4" branch="False" />
              </lines>
            </method>
          </methods>
          <lines>
            <line number="4" hits="4" branch="False" />
            <line number="6" hits="4" branch="False" />
            <line number="7" hits="4" branch="False" />
            <line number="8" hits="4" branch="False" />
            <line number="10" hits="4" branch="False" />
            <line number="11" hits="4" branch="False" />
            <line number="13" hits="4" branch="False" />
            <line number="14" hits="4" branch="False" />
            <line number="16" hits="4" branch="False" />
            <line number="18" hits="4" branch="True" condition-coverage="50% (1/2)">
              <conditions>
                <condition number="102" type="jump" coverage="50%" />
              </conditions>
            </line>
            <line number="19" hits="0" branch="False" />
            <line number="20" hits="0" branch="False" />
            <line number="21" hits="0" branch="False" />
            <line number="22" hits="0" branch="False" />
            <line number="24" hits="4" branch="False" />
            <line number="25" hits="4" branch="False" />
            <line number="27" hits="4" branch="False" />
            <line number="28" hits="4" branch="False" />
            <line number="30" hits="4" branch="False" />
            <line number="32" hits="4" branch="False" />
          </lines>
        </class>
        <class name="api.Services.AuthService" filename="Services/AuthService.cs" line-rate="1" branch-rate="1" complexity="7">
          <methods>
            <method name="IsPasswordStrong" signature="(System.String)" line-rate="1" branch-rate="1" complexity="6">
              <lines>
                <line number="84" hits="44" branch="True" condition-coverage="100% (6/6)">
                  <conditions>
                    <condition number="7" type="jump" coverage="100%" />
                    <condition number="42" type="jump" coverage="100%" />
                    <condition number="77" type="jump" coverage="100%" />
                  </conditions>
                </line>
                <line number="85" hits="44" branch="False" />
                <line number="86" hits="44" branch="False" />
                <line number="87" hits="44" branch="False" />
              </lines>
            </method>
            <method name=".ctor" signature="(api.Data.DamasDbContext,api.Services.IPasswordHasher,api.Services.IEmailService,api.Services.ITokenService)" line-rate="1" branch-rate="1" complexity="1">
              <lines>
                <line number="9" hits="120" branch="False" />
                <line number="10" hits="120" branch="False" />
                <line number="11" hits="120" branch="False" />
                <line number="12" hits="120" branch="False" />
                <line number="13" hits="120" branch="False" />
              </lines>
            </method>
          </methods>
          <lines>
            <line number="84" hits="44" branch="True" condition-coverage="100% (6/6)">
              <conditions>
                <condition number="7" type="jump" coverage="100%" />
                <condition number="42" type="jump" coverage="100%" />
                <condition number="77" type="jump" coverage="100%" />
              </conditions>
            </line>
            <line number="85" hits="44" branch="False" />
            <line number="86" hits="44" branch="False" />
            <line number="87" hits="44" branch="False" />
            <line number="9" hits="120" branch="False" />
            <line number="10" hits="120" branch="False" />
            <line number="11" hits="120" branch="False" />
            <line number="12" hits="120" branch="False" />
            <line number="13" hits="120" branch="False" />
          </lines>
        </class>
        <class name="api.Services.AuthService/&lt;ConfirmEmailAsync&gt;d__6" filename="Services/AuthService.cs" line-rate="1" branch-rate="0.875" complexity="8">
          <methods>
            <method name="MoveNext" signature="()" line-rate="1" branch-rate="0.875" complexity="8">
              <lines>
                <line number="50" hits="38" branch="False" />
                <line number="51" hits="38" branch="False" />
                <line number="53" hits="38" branch="True" condition-coverage="87.5% (7/8)">
                  <conditions>
                    <condition number="323" type="jump" coverage="100%" />
                    <condition number="357" type="jump" coverage="100%" />
                    <condition number="386" type="jump" coverage="50%" />
                    <condition number="412" type="jump" coverage="100%" />
                  </conditions>
                </line>
                <line number="54" hits="38" branch="False" />
                <line number="55" hits="38" branch="False" />
                <line number="56" hits="2" branch="False" />
                <line number="58" hits="36" branch="False" />
                <line number="59" hits="36" branch="False" />
                <line number="60" hits="36" branch="False" />
                <line number="62" hits="36" branch="False" />
                <line number="64" hits="36" branch="False" />
                <line number="65" hits="38" branch="False" />
              </lines>
            </method>
          </methods>
          <lines>
            <line number="50" hits="38" branch="False" />
            <line number="51" hits="38" branch="False" />
            <line number="53" hits="38" branch="True" condition-coverage="87.5% (7/8)">
              <conditions>
                <condition number="323" type="jump" coverage="100%" />
                <condition number="357" type="jump" coverage="100%" />
                <condition number="386" type="jump" coverage="50%" />
                <condition number="412" type="jump" coverage="100%" />
              </conditions>
            </line>
            <line number="54" hits="38" branch="False" />
            <line number="55" hits="38" branch="False" />
            <line number="56" hits="2" branch="False" />
            <line number="58" hits="36" branch="False" />
            <line number="59" hits="36" branch="False" />
            <line number="60" hits="36" branch="False" />
            <line number="62" hits="36" branch="False" />
            <line number="64" hits="36" branch="False" />
            <line number="65" hits="38" branch="False" />
          </lines>
        </class>
        <class name="api.Services.AuthService/&lt;LoginAsync&gt;d__7" filename="Services/AuthService.cs" line-rate="1" branch-rate="1" complexity="6">
          <methods>
            <method name="MoveNext" signature="()" line-rate="1" branch-rate="1" complexity="6">
              <lines>
                <line number="68" hits="36" branch="False" />
                <line number="69" hits="36" branch="False" />
                <line number="71" hits="36" branch="True" condition-coverage="100% (4/4)">
                  <conditions>
                    <condition number="312" type="jump" coverage="100%" />
                    <condition number="367" type="jump" coverage="100%" />
                  </conditions>
                </line>
                <line number="72" hits="2" branch="False" />
                <line number="74" hits="34" branch="True" condition-coverage="100% (2/2)">
                  <conditions>
                    <condition number="403" type="jump" coverage="100%" />
                  </conditions>
                </line>
                <line number="75" hits="1" branch="False" />
                <line number="77" hits="33" branch="False" />
                <line number="79" hits="33" branch="False" />
                <line number="80" hits="33" branch="False" />
                <line number="81" hits="36" branch="False" />
              </lines>
            </method>
          </methods>
          <lines>
            <line number="68" hits="36" branch="False" />
            <line number="69" hits="36" branch="False" />
            <line number="71" hits="36" branch="True" condition-coverage="100% (4/4)">
              <conditions>
                <condition number="312" type="jump" coverage="100%" />
                <condition number="367" type="jump" coverage="100%" />
              </conditions>
            </line>
            <line number="72" hits="2" branch="False" />
            <line number="74" hits="34" branch="True" condition-coverage="100% (2/2)">
              <conditions>
                <condition number="403" type="jump" coverage="100%" />
              </conditions>
            </line>
            <line number="75" hits="1" branch="False" />
            <line number="77" hits="33" branch="False" />
            <line number="79" hits="33" branch="False" />
            <line number="80" hits="33" branch="False" />
            <line number="81" hits="36" branch="False" />
          </lines>
        </class>
        <class name="api.Services.AuthService/&lt;RegisterAsync&gt;d__5" filename="Services/AuthService.cs" line-rate="1" branch-rate="1" complexity="6">
          <methods>
            <method name="MoveNext" signature="()" line-rate="1" branch-rate="1" complexity="6">
              <lines>
                <line number="16" hits="46" branch="False" />
                <line number="17" hits="46" branch="True" condition-coverage="100% (2/2)">
                  <conditions>
                    <condition number="332" type="jump" coverage="100%" />
                  </conditions>
                </line>
                <line number="18" hits="1" branch="False" />
                <line number="20" hits="45" branch="True" condition-coverage="100% (2/2)">
                  <conditions>
                    <condition number="607" type="jump" coverage="100%" />
                  </conditions>
                </line>
                <line number="21" hits="1" branch="False" />
                <line number="23" hits="44" branch="True" condition-coverage="100% (2/2)">
                  <conditions>
                    <condition number="653" type="jump" coverage="100%" />
                  </conditions>
                </line>
                <line number="24" hits="1" branch="False" />
                <line number="26" hits="43" branch="False" />
                <line number="28" hits="43" branch="False" />
                <line number="29" hits="43" branch="False" />
                <line number="30" hits="43" branch="False" />
                <line number="31" hits="43" branch="False" />
                <line number="32" hits="43" branch="False" />
                <line number="33" hits="43" branch="False" />
                <line number="34" hits="43" branch="False" />
                <line number="35" hits="43" branch="False" />
                <line number="36" hits="43" branch="False" />
                <line number="37" hits="43" branch="False" />
                <line number="38" hits="43" branch="False" />
                <line number="40" hits="43" branch="False" />
                <line number="41" hits="43" branch="False" />
                <line number="43" hits="43" branch="False" />
                <line number="45" hits="43" branch="False" />
                <line number="46" hits="43" branch="False" />
                <line number="47" hits="46" branch="False" />
              </lines>
            </method>
          </methods>
          <lines>
            <line number="16" hits="46" branch="False" />
            <line number="17" hits="46" branch="True" condition-coverage="100% (2/2)">
              <conditions>
                <condition number="332" type="jump" coverage="100%" />
              </conditions>
            </line>
            <line number="18" hits="1" branch="False" />
            <line number="20" hits="45" branch="True" condition-coverage="100% (2/2)">
              <conditions>
                <condition number="607" type="jump" coverage="100%" />
              </conditions>
            </line>
            <line number="21" hits="1" branch="False" />
            <line number="23" hits="44" branch="True" condition-coverage="100% (2/2)">
              <conditions>
                <condition number="653" type="jump" coverage="100%" />
              </conditions>
            </line>
            <line number="24" hits="1" branch="False" />
            <line number="26" hits="43" branch="False" />
            <line number="28" hits="43" branch="False" />
            <line number="29" hits="43" branch="False" />
            <line number="30" hits="43" branch="False" />
            <line number="31" hits="43" branch="False" />
            <line number="32" hits="43" branch="False" />
            <line number="33" hits="43" branch="False" />
            <line number="34" hits="43" branch="False" />
            <line number="35" hits="43" branch="False" />
            <line number="36" hits="43" branch="False" />
            <line number="37" hits="43" branch="False" />
            <line number="38" hits="43" branch="False" />
            <line number="40" hits="43" branch="False" />
            <line number="41" hits="43" branch="False" />
            <line number="43" hits="43" branch="False" />
            <line number="45" hits="43" branch="False" />
            <line number="46" hits="43" branch="False" />
            <line number="47" hits="46" branch="False" />
          </lines>
        </class>
        <class name="api.Services.BcryptPasswordHasher" filename="Services/BcryptPasswordHasher.cs" line-rate="1" branch-rate="0.5" complexity="4">
          <methods>
            <method name="Hash" signature="(System.String)" line-rate="1" branch-rate="1" complexity="1">
              <lines>
                <line number="10" hits="43" branch="False" />
              </lines>
            </method>
            <method name="Verify" signature="(System.String,System.String)" line-rate="1" branch-rate="1" complexity="1">
              <lines>
                <line number="13" hits="35" branch="False" />
              </lines>
            </method>
            <method name=".ctor" signature="(Microsoft.Extensions.Configuration.IConfiguration)" line-rate="1" branch-rate="0.5" complexity="2">
              <lines>
                <line number="5" hits="120" branch="False" />
                <line number="7" hits="120" branch="True" condition-coverage="50% (1/2)">
                  <conditions>
                    <condition number="19" type="jump" coverage="50%" />
                  </conditions>
                </line>
              </lines>
            </method>
          </methods>
          <lines>
            <line number="10" hits="43" branch="False" />
            <line number="13" hits="35" branch="False" />
            <line number="5" hits="120" branch="False" />
            <line number="7" hits="120" branch="True" condition-coverage="50% (1/2)">
              <conditions>
                <condition number="19" type="jump" coverage="50%" />
              </conditions>
            </line>
          </lines>
        </class>
        <class name="api.Services.GameCacheService" filename="Services/GameCacheService.cs" line-rate="1" branch-rate="1" complexity="3">
          <methods>
            <method name="Key" signature="(System.Guid)" line-rate="1" branch-rate="1" complexity="1">
              <lines>
                <line number="14" hits="47" branch="False" />
              </lines>
            </method>
            <method name=".ctor" signature="(Microsoft.Extensions.Caching.Distributed.IDistributedCache)" line-rate="1" branch-rate="1" complexity="1">
              <lines>
                <line number="7" hits="55" branch="False" />
              </lines>
            </method>
            <method name=".cctor" signature="()" line-rate="1" branch-rate="1" complexity="1">
              <lines>
                <line number="9" hits="1" branch="False" />
                <line number="10" hits="1" branch="False" />
                <line number="11" hits="1" branch="False" />
                <line number="12" hits="1" branch="False" />
              </lines>
            </method>
          </methods>
          <lines>
            <line number="14" hits="47" branch="False" />
            <line number="7" hits="55" branch="False" />
            <line number="9" hits="1" branch="False" />
            <line number="10" hits="1" branch="False" />
            <line number="11" hits="1" branch="False" />
            <line number="12" hits="1" branch="False" />
          </lines>
        </class>
        <class name="api.Services.GameCacheService/&lt;GetBoardStateAsync&gt;d__4" filename="Services/GameCacheService.cs" line-rate="1" branch-rate="1" complexity="2">
          <methods>
            <method name="MoveNext" signature="()" line-rate="1" branch-rate="1" complexity="2">
              <lines>
                <line number="17" hits="16" branch="False" />
                <line number="18" hits="16" branch="False" />
                <line number="19" hits="19" branch="True" condition-coverage="100% (2/2)">
                  <conditions>
                    <condition number="175" type="jump" coverage="100%" />
                  </conditions>
                </line>
                <line number="20" hits="13" branch="False" />
                <line number="21" hits="16" branch="False" />
              </lines>
            </method>
          </methods>
          <lines>
            <line number="17" hits="16" branch="False" />
            <line number="18" hits="16" branch="False" />
            <line number="19" hits="19" branch="True" condition-coverage="100% (2/2)">
              <conditions>
                <condition number="175" type="jump" coverage="100%" />
              </conditions>
            </line>
            <line number="20" hits="13" branch="False" />
            <line number="21" hits="16" branch="False" />
          </lines>
        </class>
        <class name="api.Services.GameCacheService/&lt;InvalidateAsync&gt;d__6" filename="Services/GameCacheService.cs" line-rate="1" branch-rate="1" complexity="1">
          <methods>
            <method name="MoveNext" signature="()" line-rate="1" branch-rate="1" complexity="1">
              <lines>
                <line number="30" hits="2" branch="False" />
                <line number="31" hits="2" branch="False" />
                <line number="32" hits="2" branch="False" />
              </lines>
            </method>
          </methods>
          <lines>
            <line number="30" hits="2" branch="False" />
            <line number="31" hits="2" branch="False" />
            <line number="32" hits="2" branch="False" />
          </lines>
        </class>
        <class name="api.Services.GameCacheService/&lt;SetBoardStateAsync&gt;d__5" filename="Services/GameCacheService.cs" line-rate="1" branch-rate="1" complexity="1">
          <methods>
            <method name="MoveNext" signature="()" line-rate="1" branch-rate="1" complexity="1">
              <lines>
                <line number="24" hits="29" branch="False" />
                <line number="25" hits="29" branch="False" />
                <line number="26" hits="29" branch="False" />
                <line number="27" hits="29" branch="False" />
              </lines>
            </method>
          </methods>
          <lines>
            <line number="24" hits="29" branch="False" />
            <line number="25" hits="29" branch="False" />
            <line number="26" hits="29" branch="False" />
            <line number="27" hits="29" branch="False" />
          </lines>
        </class>
        <class name="api.Services.GameService" filename="Services/GameService.cs" line-rate="1" branch-rate="1" complexity="2">
          <methods>
            <method name="ToResponse" signature="(api.Models.Game)" line-rate="1" branch-rate="1" complexity="1">
              <lines>
                <line number="148" hits="47" branch="False" />
                <line number="149" hits="47" branch="False" />
                <line number="150" hits="47" branch="False" />
              </lines>
            </method>
            <method name=".ctor" signature="(api.Data.DamasDbContext,Microsoft.AspNetCore.SignalR.IHubContext`1&lt;api.Hubs.GameHub&gt;,api.Services.IGameCacheService)" line-rate="1" branch-rate="1" complexity="1">
              <lines>
                <line number="12" hits="47" branch="False" />
              </lines>
            </method>
          </methods>
          <lines>
            <line number="148" hits="47" branch="False" />
            <line number="149" hits="47" branch="False" />
            <line number="150" hits="47" branch="False" />
            <line number="12" hits="47" branch="False" />
          </lines>
        </class>
        <class name="api.Services.GameService/&lt;CreateAsync&gt;d__4" filename="Services/GameService.cs" line-rate="1" branch-rate="1" complexity="1">
          <methods>
            <method name="MoveNext" signature="()" line-rate="1" branch-rate="1" complexity="1">
              <lines>
                <line number="15" hits="17" branch="False" />
                <line number="16" hits="17" branch="False" />
                <line number="18" hits="17" branch="False" />
                <line number="19" hits="17" branch="False" />
                <line number="20" hits="17" branch="False" />
                <line number="21" hits="17" branch="False" />
                <line number="22" hits="17" branch="False" />
                <line number="23" hits="17" branch="False" />
                <line number="24" hits="17" branch="False" />
                <line number="25" hits="17" branch="False" />
                <line number="26" hits="17" branch="False" />
                <line number="27" hits="17" branch="False" />
                <line number="29" hits="17" branch="False" />
                <line number="30" hits="17" branch="False" />
                <line number="31" hits="17" branch="False" />
                <line number="33" hits="17" branch="False" />
                <line number="34" hits="17" branch="False" />
              </lines>
            </method>
          </methods>
          <lines>
            <line number="15" hits="17" branch="False" />
            <line number="16" hits="17" branch="False" />
            <line number="18" hits="17" branch="False" />
            <line number="19" hits="17" branch="False" />
            <line number="20" hits="17" branch="False" />
            <line number="21" hits="17" branch="False" />
            <line number="22" hits="17" branch="False" />
            <line number="23" hits="17" branch="False" />
            <line number="24" hits="17" branch="False" />
            <line number="25" hits="17" branch="False" />
            <line number="26" hits="17" branch="False" />
            <line number="27" hits="17" branch="False" />
            <line number="29" hits="17" branch="False" />
            <line number="30" hits="17" branch="False" />
            <line number="31" hits="17" branch="False" />
            <line number="33" hits="17" branch="False" />
            <line number="34" hits="17" branch="False" />
          </lines>
        </class>
        <class name="api.Services.GameService/&lt;GetActiveAsync&gt;d__8" filename="Services/GameService.cs" line-rate="1" branch-rate="1" complexity="1">
          <methods>
            <method name="MoveNext" signature="()" line-rate="1" branch-rate="1" complexity="1">
              <lines>
                <line number="137" hits="1" branch="False" />
                <line number="138" hits="1" branch="False" />
                <line number="139" hits="1" branch="False" />
                <line number="140" hits="1" branch="False" />
                <line number="141" hits="1" branch="False" />
                <line number="142" hits="1" branch="False" />
                <line number="143" hits="1" branch="False" />
                <line number="144" hits="1" branch="False" />
                <line number="145" hits="1" branch="False" />
              </lines>
            </method>
          </methods>
          <lines>
            <line number="137" hits="1" branch="False" />
            <line number="138" hits="1" branch="False" />
            <line number="139" hits="1" branch="False" />
            <line number="140" hits="1" branch="False" />
            <line number="141" hits="1" branch="False" />
            <line number="142" hits="1" branch="False" />
            <line number="143" hits="1" branch="False" />
            <line number="144" hits="1" branch="False" />
            <line number="145" hits="1" branch="False" />
          </lines>
        </class>
        <class name="api.Services.GameService/&lt;GetByIdAsync&gt;d__7" filename="Services/GameService.cs" line-rate="1" branch-rate="1" complexity="2">
          <methods>
            <method name="MoveNext" signature="()" line-rate="1" branch-rate="1" complexity="2">
              <lines>
                <line number="131" hits="2" branch="False" />
                <line number="132" hits="2" branch="False" />
                <line number="133" hits="2" branch="True" condition-coverage="100% (2/2)">
                  <conditions>
                    <condition number="186" type="jump" coverage="100%" />
                  </conditions>
                </line>
                <line number="134" hits="2" branch="False" />
              </lines>
            </method>
          </methods>
          <lines>
            <line number="131" hits="2" branch="False" />
            <line number="132" hits="2" branch="False" />
            <line number="133" hits="2" branch="True" condition-coverage="100% (2/2)">
              <conditions>
                <condition number="186" type="jump" coverage="100%" />
              </conditions>
            </line>
            <line number="134" hits="2" branch="False" />
          </lines>
        </class>
        <class name="api.Services.GameService/&lt;JoinAsync&gt;d__5" filename="Services/GameService.cs" line-rate="1" branch-rate="0.875" complexity="8">
          <methods>
            <method name="MoveNext" signature="()" line-rate="1" branch-rate="0.875" complexity="8">
              <lines>
                <line number="37" hits="14" branch="False" />
                <line number="38" hits="14" branch="False" />
                <line number="40" hits="14" branch="True" condition-coverage="100% (2/2)">
                  <conditions>
                    <condition number="218" type="jump" coverage="100%" />
                  </conditions>
                </line>
                <line number="41" hits="1" branch="False" />
                <line number="43" hits="13" branch="True" condition-coverage="100% (2/2)">
                  <conditions>
                    <condition number="254" type="jump" coverage="100%" />
                  </conditions>
                </line>
                <line number="44" hits="1" branch="False" />
                <line number="46" hits="12" branch="True" condition-coverage="75% (3/4)">
                  <conditions>
                    <condition number="300" type="jump" coverage="50%" />
                    <condition number="323" type="jump" coverage="100%" />
                  </conditions>
                </line>
                <line number="47" hits="1" branch="False" />
                <line number="49" hits="11" branch="False" />
                <line number="50" hits="11" branch="False" />
                <line number="51" hits="11" branch="False" />
                <line number="53" hits="11" branch="False" />
                <line number="55" hits="11" branch="False" />
                <line number="56" hits="11" branch="False" />
                <line number="58" hits="11" branch="False" />
                <line number="59" hits="14" branch="False" />
              </lines>
            </method>
          </methods>
          <lines>
            <line number="37" hits="14" branch="False" />
            <line number="38" hits="14" branch="False" />
            <line number="40" hits="14" branch="True" condition-coverage="100% (2/2)">
              <conditions>
                <condition number="218" type="jump" coverage="100%" />
              </conditions>
            </line>
            <line number="41" hits="1" branch="False" />
            <line number="43" hits="13" branch="True" condition-coverage="100% (2/2)">
              <conditions>
                <condition number="254" type="jump" coverage="100%" />
              </conditions>
            </line>
            <line number="44" hits="1" branch="False" />
            <line number="46" hits="12" branch="True" condition-coverage="75% (3/4)">
              <conditions>
                <condition number="300" type="jump" coverage="50%" />
                <condition number="323" type="jump" coverage="100%" />
              </conditions>
            </line>
            <line number="47" hits="1" branch="False" />
            <line number="49" hits="11" branch="False" />
            <line number="50" hits="11" branch="False" />
            <line number="51" hits="11" branch="False" />
            <line number="53" hits="11" branch="False" />
            <line number="55" hits="11" branch="False" />
            <line number="56" hits="11" branch="False" />
            <line number="58" hits="11" branch="False" />
            <line number="59" hits="14" branch="False" />
          </lines>
        </class>
        <class name="api.Services.GameService/&lt;MakeMoveAsync&gt;d__6" filename="Services/GameService.cs" line-rate="1" branch-rate="0.8845999999999999" complexity="26">
          <methods>
            <method name="MoveNext" signature="()" line-rate="1" branch-rate="0.8845999999999999" complexity="26">
              <lines>
                <line number="63" hits="13" branch="False" />
                <line number="64" hits="13" branch="False" />
                <line number="66" hits="13" branch="True" condition-coverage="100% (2/2)">
                  <conditions>
                    <condition number="236" type="jump" coverage="100%" />
                  </conditions>
                </line>
                <line number="67" hits="1" branch="False" />
                <line number="69" hits="12" branch="True" condition-coverage="100% (2/2)">
                  <conditions>
                    <condition number="275" type="jump" coverage="100%" />
                  </conditions>
                </line>
                <line number="70" hits="1" branch="False" />
                <line number="74" hits="19" branch="True" condition-coverage="75% (3/4)">
                  <conditions>
                    <condition number="321" type="jump" coverage="50%" />
                    <condition number="344" type="jump" coverage="100%" />
                  </conditions>
                </line>
                <line number="75" hits="5" branch="True" condition-coverage="75% (3/4)">
                  <conditions>
                    <condition number="383" type="jump" coverage="50%" />
                    <condition number="406" type="jump" coverage="100%" />
                  </conditions>
                </line>
                <line number="76" hits="1" branch="False" />
                <line number="78" hits="10" branch="True" condition-coverage="100% (2/2)">
                  <conditions>
                    <condition number="459" type="jump" coverage="100%" />
                  </conditions>
                </line>
                <line number="79" hits="1" branch="False" />
                <line number="82" hits="9" branch="True" condition-coverage="100% (2/2)">
                  <conditions>
                    <condition number="612" type="jump" coverage="100%" />
                  </conditions>
                </line>
                <line number="83" hits="9" branch="False" />
                <line number="85" hits="9" branch="False" />
                <line number="86" hits="9" branch="False" />
                <line number="87" hits="9" branch="False" />
                <line number="88" hits="9" branch="False" />
                <line number="90" hits="9" branch="True" condition-coverage="100% (2/2)">
                  <conditions>
                    <condition number="728" type="jump" coverage="100%" />
                  </conditions>
                </line>
                <line number="91" hits="2" branch="False" />
                <line number="94" hits="7" branch="False" />
                <line number="95" hits="7" branch="False" />
                <line number="96" hits="7" branch="False" />
                <line number="97" hits="7" branch="False" />
                <line number="98" hits="7" branch="False" />
                <line number="99" hits="7" branch="False" />
                <line number="100" hits="7" branch="False" />
                <line number="101" hits="7" branch="False" />
                <line number="102" hits="7" branch="False" />
                <line number="103" hits="7" branch="False" />
                <line number="104" hits="7" branch="False" />
                <line number="107" hits="7" branch="False" />
                <line number="108" hits="7" branch="False" />
                <line number="110" hits="7" branch="True" condition-coverage="100% (2/2)">
                  <conditions>
                    <condition number="961" type="jump" coverage="100%" />
                  </conditions>
                </line>
                <line number="111" hits="1" branch="False" />
                <line number="112" hits="1" branch="False" />
                <line number="113" hits="1" branch="True" condition-coverage="50% (1/2)">
                  <conditions>
                    <condition number="1018" type="jump" coverage="50%" />
                  </conditions>
                </line>
                <line number="114" hits="1" branch="False" />
                <line number="115" hits="6" branch="True" condition-coverage="100% (2/2)">
                  <conditions>
                    <condition number="1068" type="jump" coverage="100%" />
                  </conditions>
                </line>
                <line number="116" hits="6" branch="False" />
                <line number="117" hits="6" branch="True" condition-coverage="100% (2/2)">
                  <conditions>
                    <condition number="1083" type="jump" coverage="100%" />
                  </conditions>
                </line>
                <line number="118" hits="6" branch="False" />
                <line number="120" hits="7" branch="False" />
                <line number="121" hits="7" branch="False" />
                <line number="123" hits="7" branch="False" />
                <line number="124" hits="7" branch="False" />
                <line number="125" hits="7" branch="False" />
                <line number="127" hits="7" branch="False" />
                <line number="128" hits="13" branch="False" />
              </lines>
            </method>
          </methods>
          <lines>
            <line number="63" hits="13" branch="False" />
            <line number="64" hits="13" branch="False" />
            <line number="66" hits="13" branch="True" condition-coverage="100% (2/2)">
              <conditions>
                <condition number="236" type="jump" coverage="100%" />
              </conditions>
            </line>
            <line number="67" hits="1" branch="False" />
            <line number="69" hits="12" branch="True" condition-coverage="100% (2/2)">
              <conditions>
                <condition number="275" type="jump" coverage="100%" />
              </conditions>
            </line>
            <line number="70" hits="1" branch="False" />
            <line number="74" hits="19" branch="True" condition-coverage="75% (3/4)">
              <conditions>
                <condition number="321" type="jump" coverage="50%" />
                <condition number="344" type="jump" coverage="100%" />
              </conditions>
            </line>
            <line number="75" hits="5" branch="True" condition-coverage="75% (3/4)">
              <conditions>
                <condition number="383" type="jump" coverage="50%" />
                <condition number="406" type="jump" coverage="100%" />
              </conditions>
            </line>
            <line number="76" hits="1" branch="False" />
            <line number="78" hits="10" branch="True" condition-coverage="100% (2/2)">
              <conditions>
                <condition number="459" type="jump" coverage="100%" />
              </conditions>
            </line>
            <line number="79" hits="1" branch="False" />
            <line number="82" hits="9" branch="True" condition-coverage="100% (2/2)">
              <conditions>
                <condition number="612" type="jump" coverage="100%" />
              </conditions>
            </line>
            <line number="83" hits="9" branch="False" />
            <line number="85" hits="9" branch="False" />
            <line number="86" hits="9" branch="False" />
            <line number="87" hits="9" branch="False" />
            <line number="88" hits="9" branch="False" />
            <line number="90" hits="9" branch="True" condition-coverage="100% (2/2)">
              <conditions>
                <condition number="728" type="jump" coverage="100%" />
              </conditions>
            </line>
            <line number="91" hits="2" branch="False" />
            <line number="94" hits="7" branch="False" />
            <line number="95" hits="7" branch="False" />
            <line number="96" hits="7" branch="False" />
            <line number="97" hits="7" branch="False" />
            <line number="98" hits="7" branch="False" />
            <line number="99" hits="7" branch="False" />
            <line number="100" hits="7" branch="False" />
            <line number="101" hits="7" branch="False" />
            <line number="102" hits="7" branch="False" />
            <line number="103" hits="7" branch="False" />
            <line number="104" hits="7" branch="False" />
            <line number="107" hits="7" branch="False" />
            <line number="108" hits="7" branch="False" />
            <line number="110" hits="7" branch="True" condition-coverage="100% (2/2)">
              <conditions>
                <condition number="961" type="jump" coverage="100%" />
              </conditions>
            </line>
            <line number="111" hits="1" branch="False" />
            <line number="112" hits="1" branch="False" />
            <line number="113" hits="1" branch="True" condition-coverage="50% (1/2)">
              <conditions>
                <condition number="1018" type="jump" coverage="50%" />
              </conditions>
            </line>
            <line number="114" hits="1" branch="False" />
            <line number="115" hits="6" branch="True" condition-coverage="100% (2/2)">
              <conditions>
                <condition number="1068" type="jump" coverage="100%" />
              </conditions>
            </line>
            <line number="116" hits="6" branch="False" />
            <line number="117" hits="6" branch="True" condition-coverage="100% (2/2)">
              <conditions>
                <condition number="1083" type="jump" coverage="100%" />
              </conditions>
            </line>
            <line number="118" hits="6" branch="False" />
            <line number="120" hits="7" branch="False" />
            <line number="121" hits="7" branch="False" />
            <line number="123" hits="7" branch="False" />
            <line number="124" hits="7" branch="False" />
            <line number="125" hits="7" branch="False" />
            <line number="127" hits="7" branch="False" />
            <line number="128" hits="13" branch="False" />
          </lines>
        </class>
        <class name="api.Services.JwtTokenService" filename="Services/JwtTokenService.cs" line-rate="1" branch-rate="1" complexity="2">
          <methods>
            <method name="Generate" signature="(api.Models.Player)" line-rate="1" branch-rate="1" complexity="1">
              <lines>
                <line number="16" hits="33" branch="False" />
                <line number="17" hits="33" branch="False" />
                <line number="18" hits="33" branch="False" />
                <line number="20" hits="33" branch="False" />
                <line number="21" hits="33" branch="False" />
                <line number="22" hits="33" branch="False" />
                <line number="23" hits="33" branch="False" />
                <line number="24" hits="33" branch="False" />
                <line number="25" hits="33" branch="False" />
                <line number="26" hits="33" branch="False" />
                <line number="28" hits="33" branch="False" />
                <line number="29" hits="33" branch="False" />
                <line number="30" hits="33" branch="False" />
                <line number="31" hits="33" branch="False" />
                <line number="32" hits="33" branch="False" />
                <line number="33" hits="33" branch="False" />
                <line number="35" hits="33" branch="False" />
                <line number="36" hits="33" branch="False" />
              </lines>
            </method>
            <method name=".ctor" signature="(Microsoft.Extensions.Options.IOptions`1&lt;api.Config.JwtSettings&gt;)" line-rate="1" branch-rate="1" complexity="1">
              <lines>
                <line number="11" hits="120" branch="False" />
                <line number="13" hits="120" branch="False" />
              </lines>
            </method>
          </methods>
          <lines>
            <line number="16" hits="33" branch="False" />
            <line number="17" hits="33" branch="False" />
            <line number="18" hits="33" branch="False" />
            <line number="20" hits="33" branch="False" />
            <line number="21" hits="33" branch="False" />
            <line number="22" hits="33" branch="False" />
            <line number="23" hits="33" branch="False" />
            <line number="24" hits="33" branch="False" />
            <line number="25" hits="33" branch="False" />
            <line number="26" hits="33" branch="False" />
            <line number="28" hits="33" branch="False" />
            <line number="29" hits="33" branch="False" />
            <line number="30" hits="33" branch="False" />
            <line number="31" hits="33" branch="False" />
            <line number="32" hits="33" branch="False" />
            <line number="33" hits="33" branch="False" />
            <line number="35" hits="33" branch="False" />
            <line number="36" hits="33" branch="False" />
            <line number="11" hits="120" branch="False" />
            <line number="13" hits="120" branch="False" />
          </lines>
        </class>
        <class name="api.Services.PlayerService" filename="Services/PlayerService.cs" line-rate="1" branch-rate="1" complexity="2">
          <methods>
            <method name="ToResponse" signature="(api.Models.Player)" line-rate="1" branch-rate="1" complexity="1">
              <lines>
                <line number="24" hits="1" branch="False" />
              </lines>
            </method>
            <method name=".ctor" signature="(api.Data.DamasDbContext)" line-rate="1" branch-rate="1" complexity="1">
              <lines>
                <line number="8" hits="3" branch="False" />
              </lines>
            </method>
          </methods>
          <lines>
            <line number="24" hits="1" branch="False" />
            <line number="8" hits="3" branch="False" />
          </lines>
        </class>
        <class name="api.Services.PlayerService/&lt;GetAllAsync&gt;d__3" filename="Services/PlayerService.cs" line-rate="1" branch-rate="1" complexity="1">
          <methods>
            <method name="MoveNext" signature="()" line-rate="1" branch-rate="1" complexity="1">
              <lines>
                <line number="17" hits="1" branch="False" />
                <line number="18" hits="1" branch="False" />
                <line number="19" hits="1" branch="False" />
                <line number="20" hits="1" branch="False" />
                <line number="21" hits="1" branch="False" />
              </lines>
            </method>
          </methods>
          <lines>
            <line number="17" hits="1" branch="False" />
            <line number="18" hits="1" branch="False" />
            <line number="19" hits="1" branch="False" />
            <line number="20" hits="1" branch="False" />
            <line number="21" hits="1" branch="False" />
          </lines>
        </class>
        <class name="api.Services.PlayerService/&lt;GetByIdAsync&gt;d__2" filename="Services/PlayerService.cs" line-rate="1" branch-rate="1" complexity="2">
          <methods>
            <method name="MoveNext" signature="()" line-rate="1" branch-rate="1" complexity="2">
              <lines>
                <line number="11" hits="2" branch="False" />
                <line number="12" hits="2" branch="False" />
                <line number="13" hits="2" branch="True" condition-coverage="100% (2/2)">
                  <conditions>
                    <condition number="186" type="jump" coverage="100%" />
                  </conditions>
                </line>
                <line number="14" hits="2" branch="False" />
              </lines>
            </method>
          </methods>
          <lines>
            <line number="11" hits="2" branch="False" />
            <line number="12" hits="2" branch="False" />
            <line number="13" hits="2" branch="True" condition-coverage="100% (2/2)">
              <conditions>
                <condition number="186" type="jump" coverage="100%" />
              </conditions>
            </line>
            <line number="14" hits="2" branch="False" />
          </lines>
        </class>
        <class name="api.Services.SendGridEmailService" filename="Services/SendGridEmailService.cs" line-rate="0" branch-rate="1" complexity="1">
          <methods>
            <method name=".ctor" signature="(Microsoft.Extensions.Configuration.IConfiguration)" line-rate="0" branch-rate="1" complexity="1">
              <lines>
                <line number="6" hits="0" branch="False" />
              </lines>
            </method>
          </methods>
          <lines>
            <line number="6" hits="0" branch="False" />
          </lines>
        </class>
        <class name="api.Services.SendGridEmailService/&lt;SendConfirmationEmailAsync&gt;d__2" filename="Services/SendGridEmailService.cs" line-rate="0" branch-rate="0" complexity="6">
          <methods>
            <method name="MoveNext" signature="()" line-rate="0" branch-rate="0" complexity="6">
              <lines>
                <line number="9" hits="0" branch="False" />
                <line number="10" hits="0" branch="True" condition-coverage="0% (0/2)">
                  <conditions>
                    <condition number="41" type="jump" coverage="0%" />
                  </conditions>
                </line>
                <line number="11" hits="0" branch="True" condition-coverage="0% (0/2)">
                  <conditions>
                    <condition number="83" type="jump" coverage="0%" />
                  </conditions>
                </line>
                <line number="12" hits="0" branch="True" condition-coverage="0% (0/2)">
                  <conditions>
                    <condition number="119" type="jump" coverage="0%" />
                  </conditions>
                </line>
                <line number="14" hits="0" branch="False" />
                <line number="15" hits="0" branch="False" />
                <line number="16" hits="0" branch="False" />
                <line number="17" hits="0" branch="False" />
                <line number="18" hits="0" branch="False" />
                <line number="19" hits="0" branch="False" />
                <line number="20" hits="0" branch="False" />
                <line number="21" hits="0" branch="False" />
                <line number="22" hits="0" branch="False" />
                <line number="24" hits="0" branch="False" />
                <line number="25" hits="0" branch="False" />
              </lines>
            </method>
          </methods>
          <lines>
            <line number="9" hits="0" branch="False" />
            <line number="10" hits="0" branch="True" condition-coverage="0% (0/2)">
              <conditions>
                <condition number="41" type="jump" coverage="0%" />
              </conditions>
            </line>
            <line number="11" hits="0" branch="True" condition-coverage="0% (0/2)">
              <conditions>
                <condition number="83" type="jump" coverage="0%" />
              </conditions>
            </line>
            <line number="12" hits="0" branch="True" condition-coverage="0% (0/2)">
              <conditions>
                <condition number="119" type="jump" coverage="0%" />
              </conditions>
            </line>
            <line number="14" hits="0" branch="False" />
            <line number="15" hits="0" branch="False" />
            <line number="16" hits="0" branch="False" />
            <line number="17" hits="0" branch="False" />
            <line number="18" hits="0" branch="False" />
            <line number="19" hits="0" branch="False" />
            <line number="20" hits="0" branch="False" />
            <line number="21" hits="0" branch="False" />
            <line number="22" hits="0" branch="False" />
            <line number="24" hits="0" branch="False" />
            <line number="25" hits="0" branch="False" />
          </lines>
        </class>
        <class name="api.Models.Game" filename="Models/Game.cs" line-rate="0.8332999999999999" branch-rate="1" complexity="12">
          <methods>
            <method name="get_Id" signature="()" line-rate="1" branch-rate="1" complexity="1">
              <lines>
                <line number="7" hits="81" branch="False" />
              </lines>
            </method>
            <method name="get_PlayerBlackId" signature="()" line-rate="1" branch-rate="1" complexity="1">
              <lines>
                <line number="8" hits="88" branch="False" />
              </lines>
            </method>
            <method name="get_PlayerWhiteId" signature="()" line-rate="1" branch-rate="1" complexity="1">
              <lines>
                <line number="9" hits="61" branch="False" />
              </lines>
            </method>
            <method name="get_WinnerId" signature="()" line-rate="1" branch-rate="1" complexity="1">
              <lines>
                <line number="10" hits="48" branch="False" />
              </lines>
            </method>
            <method name="get_Status" signature="()" line-rate="1" branch-rate="1" complexity="1">
              <lines>
                <line number="11" hits="101" branch="False" />
              </lines>
            </method>
            <method name="get_BoardState" signature="()" line-rate="1" branch-rate="1" complexity="1">
              <lines>
                <line number="12" hits="117" branch="False" />
              </lines>
            </method>
            <method name="get_CurrentTurn" signature="()" line-rate="1" branch-rate="1" complexity="1">
              <lines>
                <line number="13" hits="80" branch="False" />
              </lines>
            </method>
            <method name="get_CreatedAt" signature="()" line-rate="1" branch-rate="1" complexity="1">
              <lines>
                <line number="14" hits="64" branch="False" />
              </lines>
            </method>
            <method name="get_UpdatedAt" signature="()" line-rate="1" branch-rate="1" complexity="1">
              <lines>
                <line number="15" hits="82" branch="False" />
              </lines>
            </method>
            <method name="get_PlayerBlack" signature="()" line-rate="0" branch-rate="1" complexity="1">
              <lines>
                <line number="17" hits="0" branch="False" />
              </lines>
            </method>
            <method name="get_PlayerWhite" signature="()" line-rate="0" branch-rate="1" complexity="1">
              <lines>
                <line number="18" hits="0" branch="False" />
              </lines>
            </method>
            <method name="get_Moves" signature="()" line-rate="1" branch-rate="1" complexity="1">
              <lines>
                <line number="19" hits="44" branch="False" />
              </lines>
            </method>
          </methods>
          <lines>
            <line number="7" hits="81" branch="False" />
            <line number="8" hits="88" branch="False" />
            <line number="9" hits="61" branch="False" />
            <line number="10" hits="48" branch="False" />
            <line number="11" hits="101" branch="False" />
            <line number="12" hits="117" branch="False" />
            <line number="13" hits="80" branch="False" />
            <line number="14" hits="64" branch="False" />
            <line number="15" hits="82" branch="False" />
            <line number="17" hits="0" branch="False" />
            <line number="18" hits="0" branch="False" />
            <line number="19" hits="44" branch="False" />
          </lines>
        </class>
        <class name="api.Models.Move" filename="Models/Move.cs" line-rate="0.8" branch-rate="1" complexity="10">
          <methods>
            <method name="get_Id" signature="()" line-rate="1" branch-rate="1" complexity="1">
              <lines>
                <line number="5" hits="7" branch="False" />
              </lines>
            </method>
            <method name="get_GameId" signature="()" line-rate="1" branch-rate="1" complexity="1">
              <lines>
                <line number="6" hits="7" branch="False" />
              </lines>
            </method>
            <method name="get_PlayerId" signature="()" line-rate="1" branch-rate="1" complexity="1">
              <lines>
                <line number="7" hits="7" branch="False" />
              </lines>
            </method>
            <method name="get_FromRow" signature="()" line-rate="1" branch-rate="1" complexity="1">
              <lines>
                <line number="8" hits="7" branch="False" />
              </lines>
            </method>
            <method name="get_FromCol" signature="()" line-rate="1" branch-rate="1" complexity="1">
              <lines>
                <line number="9" hits="7" branch="False" />
              </lines>
            </method>
            <method name="get_ToRow" signature="()" line-rate="1" branch-rate="1" complexity="1">
              <lines>
                <line number="10" hits="7" branch="False" />
              </lines>
            </method>
            <method name="get_ToCol" signature="()" line-rate="1" branch-rate="1" complexity="1">
              <lines>
                <line number="11" hits="7" branch="False" />
              </lines>
            </method>
            <method name="get_CreatedAt" signature="()" line-rate="1" branch-rate="1" complexity="1">
              <lines>
                <line number="12" hits="7" branch="False" />
              </lines>
            </method>
            <method name="get_Game" signature="()" line-rate="0" branch-rate="1" complexity="1">
              <lines>
                <line number="14" hits="0" branch="False" />
              </lines>
            </method>
            <method name="get_Player" signature="()" line-rate="0" branch-rate="1" complexity="1">
              <lines>
                <line number="15" hits="0" branch="False" />
              </lines>
            </method>
          </methods>
          <lines>
            <line number="5" hits="7" branch="False" />
            <line number="6" hits="7" branch="False" />
            <line number="7" hits="7" branch="False" />
            <line number="8" hits="7" branch="False" />
            <line number="9" hits="7" branch="False" />
            <line number="10" hits="7" branch="False" />
            <line number="11" hits="7" branch="False" />
            <line number="12" hits="7" branch="False" />
            <line number="14" hits="0" branch="False" />
            <line number="15" hits="0" branch="False" />
          </lines>
        </class>
        <class name="api.Models.Player" filename="Models/Player.cs" line-rate="1" branch-rate="1" complexity="8">
          <methods>
            <method name="get_Id" signature="()" line-rate="1" branch-rate="1" complexity="1">
              <lines>
                <line number="5" hits="153" branch="False" />
              </lines>
            </method>
            <method name="get_Username" signature="()" line-rate="1" branch-rate="1" complexity="1">
              <lines>
                <line number="6" hits="271" branch="False" />
              </lines>
            </method>
            <method name="get_Email" signature="()" line-rate="1" branch-rate="1" complexity="1">
              <lines>
                <line number="7" hits="313" branch="False" />
              </lines>
            </method>
            <method name="get_PasswordHash" signature="()" line-rate="1" branch-rate="1" complexity="1">
              <lines>
                <line number="8" hits="196" branch="False" />
              </lines>
            </method>
            <method name="get_IsEmailConfirmed" signature="()" line-rate="1" branch-rate="1" complexity="1">
              <lines>
                <line number="9" hits="113" branch="False" />
              </lines>
            </method>
            <method name="get_EmailConfirmationCode" signature="()" line-rate="1" branch-rate="1" complexity="1">
              <lines>
                <line number="10" hits="117" branch="False" />
              </lines>
            </method>
            <method name="get_EmailConfirmationCodeExpiry" signature="()" line-rate="1" branch-rate="1" complexity="1">
              <lines>
                <line number="11" hits="117" branch="False" />
              </lines>
            </method>
            <method name="get_CreatedAt" signature="()" line-rate="1" branch-rate="1" complexity="1">
              <lines>
                <line number="12" hits="87" branch="False" />
              </lines>
            </method>
          </methods>
          <lines>
            <line number="5" hits="153" branch="False" />
            <line number="6" hits="271" branch="False" />
            <line number="7" hits="313" branch="False" />
            <line number="8" hits="196" branch="False" />
            <line number="9" hits="113" branch="False" />
            <line number="10" hits="117" branch="False" />
            <line number="11" hits="117" branch="False" />
            <line number="12" hits="87" branch="False" />
          </lines>
        </class>
        <class name="api.Models.ServiceResult`1" filename="Models/ServiceResult.cs" line-rate="1" branch-rate="1" complexity="4">
          <methods>
            <method name="get_Value" signature="()" line-rate="1" branch-rate="1" complexity="1">
              <lines>
                <line number="3" hits="471" branch="False" />
              </lines>
            </method>
            <method name="Ok" signature="(T)" line-rate="1" branch-rate="1" complexity="1">
              <lines>
                <line number="5" hits="147" branch="False" />
              </lines>
            </method>
            <method name="Fail" signature="(System.String)" line-rate="1" branch-rate="1" complexity="1">
              <lines>
                <line number="6" hits="15" branch="False" />
              </lines>
            </method>
            <method name="NotFound" signature="(System.String)" line-rate="1" branch-rate="1" complexity="1">
              <lines>
                <line number="7" hits="2" branch="False" />
              </lines>
            </method>
          </methods>
          <lines>
            <line number="3" hits="471" branch="False" />
            <line number="5" hits="147" branch="False" />
            <line number="6" hits="15" branch="False" />
            <line number="7" hits="2" branch="False" />
          </lines>
        </class>
        <class name="api.Migrations.InitialCreate" filename="Migrations/20260304101148_InitialCreate.cs" line-rate="0" branch-rate="1" complexity="2">
          <methods>
            <method name="Up" signature="(Microsoft.EntityFrameworkCore.Migrations.MigrationBuilder)" line-rate="0" branch-rate="1" complexity="1">
              <lines>
                <line number="13" hits="0" branch="False" />
                <line number="14" hits="0" branch="False" />
                <line number="15" hits="0" branch="False" />
                <line number="16" hits="0" branch="False" />
                <line number="17" hits="0" branch="False" />
                <line number="18" hits="0" branch="False" />
                <line number="19" hits="0" branch="False" />
                <line number="20" hits="0" branch="False" />
                <line number="21" hits="0" branch="False" />
                <line number="22" hits="0" branch="False" />
                <line number="23" hits="0" branch="False" />
                <line number="24" hits="0" branch="False" />
                <line number="25" hits="0" branch="False" />
                <line number="26" hits="0" branch="False" />
                <line number="27" hits="0" branch="False" />
                <line number="28" hits="0" branch="False" />
                <line number="29" hits="0" branch="False" />
                <line number="30" hits="0" branch="False" />
                <line number="32" hits="0" branch="False" />
                <line number="33" hits="0" branch="False" />
                <line number="34" hits="0" branch="False" />
                <line number="35" hits="0" branch="False" />
                <line number="36" hits="0" branch="False" />
                <line number="37" hits="0" branch="False" />
                <line number="38" hits="0" branch="False" />
                <line number="39" hits="0" branch="False" />
                <line number="40" hits="0" branch="False" />
                <line number="41" hits="0" branch="False" />
                <line number="42" hits="0" branch="False" />
                <line number="43" hits="0" branch="False" />
                <line number="44" hits="0" branch="False" />
                <line number="45" hits="0" branch="False" />
                <line number="46" hits="0" branch="False" />
                <line number="47" hits="0" branch="False" />
                <line number="48" hits="0" branch="False" />
                <line number="49" hits="0" branch="False" />
                <line number="50" hits="0" branch="False" />
                <line number="51" hits="0" branch="False" />
                <line number="52" hits="0" branch="False" />
                <line number="53" hits="0" branch="False" />
                <line number="54" hits="0" branch="False" />
                <line number="55" hits="0" branch="False" />
                <line number="56" hits="0" branch="False" />
                <line number="57" hits="0" branch="False" />
                <line number="58" hits="0" branch="False" />
                <line number="59" hits="0" branch="False" />
                <line number="60" hits="0" branch="False" />
                <line number="62" hits="0" branch="False" />
                <line number="63" hits="0" branch="False" />
                <line number="64" hits="0" branch="False" />
                <line number="65" hits="0" branch="False" />
                <line number="66" hits="0" branch="False" />
                <line number="67" hits="0" branch="False" />
                <line number="68" hits="0" branch="False" />
                <line number="69" hits="0" branch="False" />
                <line number="70" hits="0" branch="False" />
                <line number="71" hits="0" branch="False" />
                <line number="72" hits="0" branch="False" />
                <line number="73" hits="0" branch="False" />
                <line number="74" hits="0" branch="False" />
                <line number="75" hits="0" branch="False" />
                <line number="76" hits="0" branch="False" />
                <line number="77" hits="0" branch="False" />
                <line number="78" hits="0" branch="False" />
                <line number="79" hits="0" branch="False" />
                <line number="80" hits="0" branch="False" />
                <line number="81" hits="0" branch="False" />
                <line number="82" hits="0" branch="False" />
                <line number="83" hits="0" branch="False" />
                <line number="84" hits="0" branch="False" />
                <line number="85" hits="0" branch="False" />
                <line number="86" hits="0" branch="False" />
                <line number="87" hits="0" branch="False" />
                <line number="88" hits="0" branch="False" />
                <line number="89" hits="0" branch="False" />
                <line number="90" hits="0" branch="False" />
                <line number="92" hits="0" branch="False" />
                <line number="93" hits="0" branch="False" />
                <line number="94" hits="0" branch="False" />
                <line number="95" hits="0" branch="False" />
                <line number="97" hits="0" branch="False" />
                <line number="98" hits="0" branch="False" />
                <line number="99" hits="0" branch="False" />
                <line number="100" hits="0" branch="False" />
                <line number="102" hits="0" branch="False" />
                <line number="103" hits="0" branch="False" />
                <line number="104" hits="0" branch="False" />
                <line number="105" hits="0" branch="False" />
                <line number="107" hits="0" branch="False" />
                <line number="108" hits="0" branch="False" />
                <line number="109" hits="0" branch="False" />
                <line number="110" hits="0" branch="False" />
                <line number="112" hits="0" branch="False" />
                <line number="113" hits="0" branch="False" />
                <line number="114" hits="0" branch="False" />
                <line number="115" hits="0" branch="False" />
                <line number="116" hits="0" branch="False" />
                <line number="118" hits="0" branch="False" />
                <line number="119" hits="0" branch="False" />
                <line number="120" hits="0" branch="False" />
                <line number="121" hits="0" branch="False" />
                <line number="122" hits="0" branch="False" />
                <line number="123" hits="0" branch="False" />
              </lines>
            </method>
            <method name="Down" signature="(Microsoft.EntityFrameworkCore.Migrations.MigrationBuilder)" line-rate="0" branch-rate="1" complexity="1">
              <lines>
                <line number="127" hits="0" branch="False" />
                <line number="128" hits="0" branch="False" />
                <line number="129" hits="0" branch="False" />
                <line number="131" hits="0" branch="False" />
                <line number="132" hits="0" branch="False" />
                <line number="134" hits="0" branch="False" />
                <line number="135" hits="0" branch="False" />
                <line number="136" hits="0" branch="False" />
              </lines>
            </method>
          </methods>
          <lines>
            <line number="13" hits="0" branch="False" />
            <line number="14" hits="0" branch="False" />
            <line number="15" hits="0" branch="False" />
            <line number="16" hits="0" branch="False" />
            <line number="17" hits="0" branch="False" />
            <line number="18" hits="0" branch="False" />
            <line number="19" hits="0" branch="False" />
            <line number="20" hits="0" branch="False" />
            <line number="21" hits="0" branch="False" />
            <line number="22" hits="0" branch="False" />
            <line number="23" hits="0" branch="False" />
            <line number="24" hits="0" branch="False" />
            <line number="25" hits="0" branch="False" />
            <line number="26" hits="0" branch="False" />
            <line number="27" hits="0" branch="False" />
            <line number="28" hits="0" branch="False" />
            <line number="29" hits="0" branch="False" />
            <line number="30" hits="0" branch="False" />
            <line number="32" hits="0" branch="False" />
            <line number="33" hits="0" branch="False" />
            <line number="34" hits="0" branch="False" />
            <line number="35" hits="0" branch="False" />
            <line number="36" hits="0" branch="False" />
            <line number="37" hits="0" branch="False" />
            <line number="38" hits="0" branch="False" />
            <line number="39" hits="0" branch="False" />
            <line number="40" hits="0" branch="False" />
            <line number="41" hits="0" branch="False" />
            <line number="42" hits="0" branch="False" />
            <line number="43" hits="0" branch="False" />
            <line number="44" hits="0" branch="False" />
            <line number="45" hits="0" branch="False" />
            <line number="46" hits="0" branch="False" />
            <line number="47" hits="0" branch="False" />
            <line number="48" hits="0" branch="False" />
            <line number="49" hits="0" branch="False" />
            <line number="50" hits="0" branch="False" />
            <line number="51" hits="0" branch="False" />
            <line number="52" hits="0" branch="False" />
            <line number="53" hits="0" branch="False" />
            <line number="54" hits="0" branch="False" />
            <line number="55" hits="0" branch="False" />
            <line number="56" hits="0" branch="False" />
            <line number="57" hits="0" branch="False" />
            <line number="58" hits="0" branch="False" />
            <line number="59" hits="0" branch="False" />
            <line number="60" hits="0" branch="False" />
            <line number="62" hits="0" branch="False" />
            <line number="63" hits="0" branch="False" />
            <line number="64" hits="0" branch="False" />
            <line number="65" hits="0" branch="False" />
            <line number="66" hits="0" branch="False" />
            <line number="67" hits="0" branch="False" />
            <line number="68" hits="0" branch="False" />
            <line number="69" hits="0" branch="False" />
            <line number="70" hits="0" branch="False" />
            <line number="71" hits="0" branch="False" />
            <line number="72" hits="0" branch="False" />
            <line number="73" hits="0" branch="False" />
            <line number="74" hits="0" branch="False" />
            <line number="75" hits="0" branch="False" />
            <line number="76" hits="0" branch="False" />
            <line number="77" hits="0" branch="False" />
            <line number="78" hits="0" branch="False" />
            <line number="79" hits="0" branch="False" />
            <line number="80" hits="0" branch="False" />
            <line number="81" hits="0" branch="False" />
            <line number="82" hits="0" branch="False" />
            <line number="83" hits="0" branch="False" />
            <line number="84" hits="0" branch="False" />
            <line number="85" hits="0" branch="False" />
            <line number="86" hits="0" branch="False" />
            <line number="87" hits="0" branch="False" />
            <line number="88" hits="0" branch="False" />
            <line number="89" hits="0" branch="False" />
            <line number="90" hits="0" branch="False" />
            <line number="92" hits="0" branch="False" />
            <line number="93" hits="0" branch="False" />
            <line number="94" hits="0" branch="False" />
            <line number="95" hits="0" branch="False" />
            <line number="97" hits="0" branch="False" />
            <line number="98" hits="0" branch="False" />
            <line number="99" hits="0" branch="False" />
            <line number="100" hits="0" branch="False" />
            <line number="102" hits="0" branch="False" />
            <line number="103" hits="0" branch="False" />
            <line number="104" hits="0" branch="False" />
            <line number="105" hits="0" branch="False" />
            <line number="107" hits="0" branch="False" />
            <line number="108" hits="0" branch="False" />
            <line number="109" hits="0" branch="False" />
            <line number="110" hits="0" branch="False" />
            <line number="112" hits="0" branch="False" />
            <line number="113" hits="0" branch="False" />
            <line number="114" hits="0" branch="False" />
            <line number="115" hits="0" branch="False" />
            <line number="116" hits="0" branch="False" />
            <line number="118" hits="0" branch="False" />
            <line number="119" hits="0" branch="False" />
            <line number="120" hits="0" branch="False" />
            <line number="121" hits="0" branch="False" />
            <line number="122" hits="0" branch="False" />
            <line number="123" hits="0" branch="False" />
            <line number="127" hits="0" branch="False" />
            <line number="128" hits="0" branch="False" />
            <line number="129" hits="0" branch="False" />
            <line number="131" hits="0" branch="False" />
            <line number="132" hits="0" branch="False" />
            <line number="134" hits="0" branch="False" />
            <line number="135" hits="0" branch="False" />
            <line number="136" hits="0" branch="False" />
          </lines>
        </class>
        <class name="api.Migrations.InitialCreate" filename="Migrations/20260304101148_InitialCreate.Designer.cs" line-rate="0" branch-rate="1" complexity="1">
          <methods>
            <method name="BuildTargetModel" signature="(Microsoft.EntityFrameworkCore.ModelBuilder)" line-rate="0" branch-rate="1" complexity="1">
              <lines>
                <line number="20" hits="0" branch="False" />
                <line number="22" hits="0" branch="False" />
                <line number="23" hits="0" branch="False" />
                <line number="24" hits="0" branch="False" />
                <line number="26" hits="0" branch="False" />
                <line number="28" hits="0" branch="False" />
                <line number="29" hits="0" branch="False" />
                <line number="30" hits="0" branch="False" />
                <line number="31" hits="0" branch="False" />
                <line number="32" hits="0" branch="False" />
                <line number="33" hits="0" branch="False" />
                <line number="34" hits="0" branch="False" />
                <line number="35" hits="0" branch="False" />
                <line number="36" hits="0" branch="False" />
                <line number="37" hits="0" branch="False" />
                <line number="38" hits="0" branch="False" />
                <line number="39" hits="0" branch="False" />
                <line number="40" hits="0" branch="False" />
                <line number="41" hits="0" branch="False" />
                <line number="42" hits="0" branch="False" />
                <line number="43" hits="0" branch="False" />
                <line number="44" hits="0" branch="False" />
                <line number="45" hits="0" branch="False" />
                <line number="46" hits="0" branch="False" />
                <line number="47" hits="0" branch="False" />
                <line number="48" hits="0" branch="False" />
                <line number="49" hits="0" branch="False" />
                <line number="50" hits="0" branch="False" />
                <line number="51" hits="0" branch="False" />
                <line number="52" hits="0" branch="False" />
                <line number="53" hits="0" branch="False" />
                <line number="54" hits="0" branch="False" />
                <line number="55" hits="0" branch="False" />
                <line number="56" hits="0" branch="False" />
                <line number="57" hits="0" branch="False" />
                <line number="58" hits="0" branch="False" />
                <line number="59" hits="0" branch="False" />
                <line number="60" hits="0" branch="False" />
                <line number="61" hits="0" branch="False" />
                <line number="62" hits="0" branch="False" />
                <line number="63" hits="0" branch="False" />
                <line number="65" hits="0" branch="False" />
                <line number="66" hits="0" branch="False" />
                <line number="67" hits="0" branch="False" />
                <line number="68" hits="0" branch="False" />
                <line number="69" hits="0" branch="False" />
                <line number="70" hits="0" branch="False" />
                <line number="71" hits="0" branch="False" />
[...]
            <line number="26" hits="46" branch="False" />
          </lines>
        </class>
        <class name="api.Controllers.GamesController" filename="Controllers/GamesController.cs" line-rate="1" branch-rate="1" complexity="1">
          <methods>
            <method name=".ctor" signature="(api.Services.IGameService)" line-rate="1" branch-rate="1" complexity="1">
              <lines>
                <line number="11" hits="47" branch="False" />
              </lines>
            </method>
          </methods>
          <lines>
            <line number="11" hits="47" branch="False" />
          </lines>
        </class>
        <class name="api.Controllers.GamesController/&lt;Create&gt;d__4" filename="Controllers/GamesController.cs" line-rate="1" branch-rate="1" complexity="1">
          <methods>
            <method name="MoveNext" signature="()" line-rate="1" branch-rate="1" complexity="1">
              <lines>
                <line number="30" hits="17" branch="False" />
                <line number="31" hits="17" branch="False" />
                <line number="32" hits="17" branch="False" />
                <line number="33" hits="17" branch="False" />
                <line number="34" hits="17" branch="False" />
              </lines>
            </method>
          </methods>
          <lines>
            <line number="30" hits="17" branch="False" />
            <line number="31" hits="17" branch="False" />
            <line number="32" hits="17" branch="False" />
            <line number="33" hits="17" branch="False" />
            <line number="34" hits="17" branch="False" />
          </lines>
        </class>
        <class name="api.Controllers.GamesController/&lt;GetActive&gt;d__2" filename="Controllers/GamesController.cs" line-rate="1" branch-rate="1" complexity="1">
          <methods>
            <method name="MoveNext" signature="()" line-rate="1" branch-rate="1" complexity="1">
              <lines>
                <line number="15" hits="1" branch="False" />
                <line number="16" hits="1" branch="False" />
                <line number="17" hits="1" branch="False" />
                <line number="18" hits="1" branch="False" />
              </lines>
            </method>
          </methods>
          <lines>
            <line number="15" hits="1" branch="False" />
            <line number="16" hits="1" branch="False" />
            <line number="17" hits="1" branch="False" />
            <line number="18" hits="1" branch="False" />
          </lines>
        </class>
        <class name="api.Controllers.GamesController/&lt;GetById&gt;d__3" filename="Controllers/GamesController.cs" line-rate="1" branch-rate="1" complexity="2">
          <methods>
            <method name="MoveNext" signature="()" line-rate="1" branch-rate="1" complexity="2">
              <lines>
                <line number="22" hits="2" branch="False" />
                <line number="23" hits="2" branch="False" />
                <line number="24" hits="2" branch="True" condition-coverage="100% (2/2)">
                  <conditions>
                    <condition number="163" type="jump" coverage="100%" />
                  </conditions>
                </line>
                <line number="25" hits="2" branch="False" />
              </lines>
            </method>
          </methods>
          <lines>
            <line number="22" hits="2" branch="False" />
            <line number="23" hits="2" branch="False" />
            <line number="24" hits="2" branch="True" condition-coverage="100% (2/2)">
              <conditions>
                <condition number="163" type="jump" coverage="100%" />
              </conditions>
            </line>
            <line number="25" hits="2" branch="False" />
          </lines>
        </class>
        <class name="api.Controllers.GamesController/&lt;Join&gt;d__5" filename="Controllers/GamesController.cs" line-rate="1" branch-rate="1" complexity="4">
          <methods>
            <method name="MoveNext" signature="()" line-rate="1" branch-rate="1" complexity="4">
              <lines>
                <line number="39" hits="14" branch="False" />
                <line number="40" hits="14" branch="False" />
                <line number="41" hits="14" branch="False" />
                <line number="43" hits="14" branch="True" condition-coverage="100% (2/2)">
                  <conditions>
                    <condition number="213" type="jump" coverage="100%" />
                  </conditions>
                </line>
                <line number="44" hits="3" branch="True" condition-coverage="100% (2/2)">
                  <conditions>
                    <condition number="226" type="jump" coverage="100%" />
                  </conditions>
                </line>
                <line number="46" hits="11" branch="False" />
                <line number="47" hits="14" branch="False" />
              </lines>
            </method>
          </methods>
          <lines>
            <line number="39" hits="14" branch="False" />
            <line number="40" hits="14" branch="False" />
            <line number="41" hits="14" branch="False" />
            <line number="43" hits="14" branch="True" condition-coverage="100% (2/2)">
              <conditions>
                <condition number="213" type="jump" coverage="100%" />
              </conditions>
            </line>
            <line number="44" hits="3" branch="True" condition-coverage="100% (2/2)">
              <conditions>
                <condition number="226" type="jump" coverage="100%" />
              </conditions>
            </line>
            <line number="46" hits="11" branch="False" />
            <line number="47" hits="14" branch="False" />
          </lines>
        </class>
        <class name="api.Controllers.GamesController/&lt;MakeMove&gt;d__6" filename="Controllers/GamesController.cs" line-rate="1" branch-rate="1" complexity="4">
          <methods>
            <method name="MoveNext" signature="()" line-rate="1" branch-rate="1" complexity="4">
              <lines>
                <line number="52" hits="13" branch="False" />
                <line number="53" hits="13" branch="False" />
                <line number="54" hits="13" branch="False" />
                <line number="56" hits="13" branch="True" condition-coverage="100% (2/2)">
                  <conditions>
                    <condition number="219" type="jump" coverage="100%" />
                  </conditions>
                </line>
                <line number="57" hits="6" branch="True" condition-coverage="100% (2/2)">
                  <conditions>
                    <condition number="232" type="jump" coverage="100%" />
                  </conditions>
                </line>
                <line number="59" hits="7" branch="False" />
                <line number="60" hits="13" branch="False" />
              </lines>
            </method>
          </methods>
          <lines>
            <line number="52" hits="13" branch="False" />
            <line number="53" hits="13" branch="False" />
            <line number="54" hits="13" branch="False" />
            <line number="56" hits="13" branch="True" condition-coverage="100% (2/2)">
              <conditions>
                <condition number="219" type="jump" coverage="100%" />
              </conditions>
            </line>
            <line number="57" hits="6" branch="True" condition-coverage="100% (2/2)">
              <conditions>
                <condition number="232" type="jump" coverage="100%" />
              </conditions>
            </line>
            <line number="59" hits="7" branch="False" />
            <line number="60" hits="13" branch="False" />
          </lines>
        </class>
        <class name="api.Controllers.HealthController" filename="Controllers/HealthController.cs" line-rate="1" branch-rate="1" complexity="2">
          <methods>
            <method name="Get" signature="()" line-rate="1" branch-rate="1" complexity="1">
              <lines>
                <line number="11" hits="1" branch="False" />
              </lines>
            </method>
            <method name=".ctor" signature="(api.Data.DamasDbContext)" line-rate="1" branch-rate="1" complexity="1">
              <lines>
                <line number="8" hits="2" branch="False" />
              </lines>
            </method>
          </methods>
          <lines>
            <line number="11" hits="1" branch="False" />
            <line number="8" hits="2" branch="False" />
          </lines>
        </class>
        <class name="api.Controllers.HealthController/&lt;GetDb&gt;d__3" filename="Controllers/HealthController.cs" line-rate="1" branch-rate="1" complexity="1">
          <methods>
            <method name="MoveNext" signature="()" line-rate="1" branch-rate="1" complexity="1">
              <lines>
                <line number="15" hits="1" branch="False" />
                <line number="16" hits="1" branch="False" />
                <line number="17" hits="1" branch="False" />
                <line number="18" hits="1" branch="False" />
              </lines>
            </method>
          </methods>
          <lines>
            <line number="15" hits="1" branch="False" />
            <line number="16" hits="1" branch="False" />
            <line number="17" hits="1" branch="False" />
            <line number="18" hits="1" branch="False" />
          </lines>
        </class>
        <class name="api.Controllers.PlayersController" filename="Controllers/PlayersController.cs" line-rate="1" branch-rate="1" complexity="1">
          <methods>
            <method name=".ctor" signature="(api.Services.IPlayerService)" line-rate="1" branch-rate="1" complexity="1">
              <lines>
                <line number="9" hits="3" branch="False" />
              </lines>
            </method>
          </methods>
          <lines>
            <line number="9" hits="3" branch="False" />
          </lines>
        </class>
        <class name="api.Controllers.PlayersController/&lt;GetAll&gt;d__2" filename="Controllers/PlayersController.cs" line-rate="1" branch-rate="1" complexity="1">
          <methods>
            <method name="MoveNext" signature="()" line-rate="1" branch-rate="1" complexity="1">
              <lines>
                <line number="13" hits="1" branch="False" />
                <line number="14" hits="1" branch="False" />
                <line number="15" hits="1" branch="False" />
                <line number="16" hits="1" branch="False" />
              </lines>
            </method>
          </methods>
          <lines>
            <line number="13" hits="1" branch="False" />
            <line number="14" hits="1" branch="False" />
            <line number="15" hits="1" branch="False" />
            <line number="16" hits="1" branch="False" />
          </lines>
        </class>
        <class name="api.Controllers.PlayersController/&lt;GetById&gt;d__3" filename="Controllers/PlayersController.cs" line-rate="1" branch-rate="1" complexity="2">
          <methods>
            <method name="MoveNext" signature="()" line-rate="1" branch-rate="1" complexity="2">
              <lines>
                <line number="20" hits="2" branch="False" />
                <line number="21" hits="2" branch="False" />
                <line number="22" hits="2" branch="True" condition-coverage="100% (2/2)">
                  <conditions>
                    <condition number="163" type="jump" coverage="100%" />
                  </conditions>
                </line>
                <line number="23" hits="2" branch="False" />
              </lines>
            </method>
          </methods>
          <lines>
            <line number="20" hits="2" branch="False" />
            <line number="21" hits="2" branch="False" />
            <line number="22" hits="2" branch="True" condition-coverage="100% (2/2)">
              <conditions>
                <condition number="163" type="jump" coverage="100%" />
              </conditions>
            </line>
            <line number="23" hits="2" branch="False" />
          </lines>
        </class>
        <class name="api.Config.AppSettings" filename="Config/AppSettings.cs" line-rate="0.9736" branch-rate="0.5" complexity="4">
          <methods>
            <method name="UseAppSettings" signature="(Microsoft.AspNetCore.Builder.WebApplicationBuilder)" line-rate="0.9736" branch-rate="0.5" complexity="4">
              <lines>
                <line number="12" hits="4" branch="False" />
                <line number="13" hits="4" branch="False" />
                <line number="14" hits="4" branch="False" />
                <line number="15" hits="4" branch="False" />
                <line number="17" hits="4" branch="False" />
                <line number="18" hits="4" branch="False" />
                <line number="19" hits="4" branch="False" />
                <line number="20" hits="4" branch="False" />
                <line number="21" hits="4" branch="False" />
                <line number="22" hits="4" branch="False" />
                <line number="25" hits="4" branch="False" />
                <line number="26" hits="4" branch="False" />
                <line number="27" hits="4" branch="False" />
                <line number="29" hits="4" branch="False" />
                <line number="30" hits="4" branch="False" />
                <line number="31" hits="4" branch="False" />
                <line number="32" hits="4" branch="False" />
                <line number="33" hits="4" branch="False" />
                <line number="34" hits="4" branch="False" />
                <line number="35" hits="4" branch="False" />
                <line number="36" hits="4" branch="False" />
                <line number="37" hits="4" branch="False" />
                <line number="38" hits="4" branch="False" />
                <line number="39" hits="4" branch="False" />
                <line number="40" hits="4" branch="False" />
                <line number="41" hits="4" branch="False" />
                <line number="42" hits="4" branch="False" />
                <line number="43" hits="4" branch="False" />
                <line number="44" hits="173" branch="False" />
                <line number="45" hits="173" branch="False" />
                <line number="46" hits="173" branch="True" condition-coverage="50% (2/4)">
                  <conditions>
                    <condition number="34" type="jump" coverage="50%" />
                    <condition number="75" type="jump" coverage="50%" />
                  </conditions>
                </line>
                <line number="47" hits="173" branch="False" />
                <line number="48" hits="0" branch="False" />
                <line number="49" hits="173" branch="False" />
                <line number="50" hits="173" branch="False" />
                <line number="51" hits="4" branch="False" />
                <line number="52" hits="8" branch="False" />
                <line number="53" hits="4" branch="False" />
              </lines>
            </method>
          </methods>
          <lines>
            <line number="12" hits="4" branch="False" />
            <line number="13" hits="4" branch="False" />
            <line number="14" hits="4" branch="False" />
            <line number="15" hits="4" branch="False" />
            <line number="17" hits="4" branch="False" />
            <line number="18" hits="4" branch="False" />
            <line number="19" hits="4" branch="False" />
            <line number="20" hits="4" branch="False" />
            <line number="21" hits="4" branch="False" />
            <line number="22" hits="4" branch="False" />
            <line number="25" hits="4" branch="False" />
            <line number="26" hits="4" branch="False" />
            <line number="27" hits="4" branch="False" />
            <line number="29" hits="4" branch="False" />
            <line number="30" hits="4" branch="False" />
            <line number="31" hits="4" branch="False" />
            <line number="32" hits="4" branch="False" />
            <line number="33" hits="4" branch="False" />
            <line number="34" hits="4" branch="False" />
            <line number="35" hits="4" branch="False" />
            <line number="36" hits="4" branch="False" />
            <line number="37" hits="4" branch="False" />
            <line number="38" hits="4" branch="False" />
            <line number="39" hits="4" branch="False" />
            <line number="40" hits="4" branch="False" />
            <line number="41" hits="4" branch="False" />
            <line number="42" hits="4" branch="False" />
            <line number="43" hits="4" branch="False" />
            <line number="44" hits="173" branch="False" />
            <line number="45" hits="173" branch="False" />
            <line number="46" hits="173" branch="True" condition-coverage="50% (2/4)">
              <conditions>
                <condition number="34" type="jump" coverage="50%" />
                <condition number="75" type="jump" coverage="50%" />
              </conditions>
            </line>
            <line number="47" hits="173" branch="False" />
            <line number="48" hits="0" branch="False" />
            <line number="49" hits="173" branch="False" />
            <line number="50" hits="173" branch="False" />
            <line number="51" hits="4" branch="False" />
            <line number="52" hits="8" branch="False" />
            <line number="53" hits="4" branch="False" />
          </lines>
        </class>
        <class name="api.Config.DBSettings" filename="Config/DBSettings.cs" line-rate="1" branch-rate="1" complexity="1">
          <methods>
            <method name="UseDBSettings" signature="(Microsoft.AspNetCore.Builder.WebApplicationBuilder)" line-rate="1" branch-rate="1" complexity="1">
              <lines>
                <line number="10" hits="4" branch="False" />
                <line number="11" hits="4" branch="False" />
                <line number="12" hits="4" branch="False" />
                <line number="13" hits="4" branch="False" />
              </lines>
            </method>
          </methods>
          <lines>
            <line number="10" hits="4" branch="False" />
            <line number="11" hits="4" branch="False" />
            <line number="12" hits="4" branch="False" />
            <line number="13" hits="4" branch="False" />
          </lines>
        </class>
        <class name="api.Config.JwtSettings" filename="Config/JwtSettings.cs" line-rate="1" branch-rate="1" complexity="4">
          <methods>
            <method name="get_Secret" signature="()" line-rate="1" branch-rate="1" complexity="1">
              <lines>
                <line number="5" hits="45" branch="False" />
              </lines>
            </method>
            <method name="get_Issuer" signature="()" line-rate="1" branch-rate="1" complexity="1">
              <lines>
                <line number="6" hits="41" branch="False" />
              </lines>
            </method>
            <method name="get_Audience" signature="()" line-rate="1" branch-rate="1" complexity="1">
              <lines>
                <line number="7" hits="41" branch="False" />
              </lines>
            </method>
            <method name="get_ExpiryMinutes" signature="()" line-rate="1" branch-rate="1" complexity="1">
              <lines>
                <line number="8" hits="41" branch="False" />
              </lines>
            </method>
          </methods>
          <lines>
            <line number="5" hits="45" branch="False" />
            <line number="6" hits="41" branch="False" />
            <line number="7" hits="41" branch="False" />
            <line number="8" hits="41" branch="False" />
          </lines>
        </class>
      </classes>
    </package>
  </packages>
</coverage>